<?xml version="1.0" encoding="UTF-8"?>
<!-- Generated by org.testng.reporters.JUnitReportReporter -->
<testsuite hostname="KPS" failures="0" tests="1" name="runner.TestRunner" time="5.391" errors="0" timestamp="2025-02-19T15:26:36 EST" skipped="0">
  <testcase classname="runner.TestRunner" name="runScenario" time="5.391"/>
</testsuite> <!-- runner.TestRunner -->
